<?xml version="1.0" encoding="UTF-8"?>
<!-- Generated by org.testng.reporters.JUnitReportReporter -->
<testsuite skipped="0" hostname="LAPTOP-HV57UQ0N" name="com.leafBot.testcases.CreateLead" tests="1" failures="0" timestamp="08 Sep 2019 12:12:16 GMT" time="50.262" errors="0">
  <testcase name="createLead" time="50.262" classname="com.leafBot.testcases.CreateLead"/>
</testsuite> <!-- com.leafBot.testcases.CreateLead -->
